<?xml version="1.0" encoding="UTF-8"?>
<testsuite name="com.example.symbols.CountControllerTest" tests="2" skipped="0" failures="0" errors="0" timestamp="2023-04-09T16:21:00" hostname="HOME-PC" time="0.96">
  <properties/>
  <testcase name="testCount()" classname="com.example.symbols.CountControllerTest" time="0.939"/>
  <testcase name="testEmptyString()" classname="com.example.symbols.CountControllerTest" time="0.017"/>
  <system-out><![CDATA[19:20:57.009 [Test worker] DEBUG org.springframework.boot.test.context.SpringBootTestContextBootstrapper - Neither @ContextConfiguration nor @ContextHierarchy found for test class [CountControllerTest]: using SpringBootContextLoader
19:20:57.018 [Test worker] DEBUG org.springframework.test.context.support.AbstractContextLoader - Could not detect default resource locations for test class [com.example.symbols.CountControllerTest]: no resource found for suffixes {-context.xml, Context.groovy}.
19:20:57.023 [Test worker] INFO org.springframework.test.context.support.AnnotationConfigContextLoaderUtils - Could not detect default configuration classes for test class [com.example.symbols.CountControllerTest]: CountControllerTest does not declare any static, non-private, non-final, nested classes annotated with @Configuration.
19:20:57.130 [Test worker] DEBUG org.springframework.boot.test.context.SpringBootTestContextBootstrapper - Using ContextCustomizers for test class [CountControllerTest]: [DisableObservabilityContextCustomizer, PropertyMappingContextCustomizer, Customizer, ImportsContextCustomizer, ExcludeFilterContextCustomizer, DuplicateJsonObjectContextCustomizer, MockitoContextCustomizer, TestRestTemplateContextCustomizer]
19:20:57.272 [Test worker] DEBUG org.springframework.context.annotation.ClassPathScanningCandidateComponentProvider - Identified candidate component class: file [C:\Users\Елизавета\Desktop\symbols\build\classes\java\main\com\example\symbols\SymbolsApplication.class]
19:20:57.275 [Test worker] INFO org.springframework.boot.test.context.SpringBootTestContextBootstrapper - Found @SpringBootConfiguration com.example.symbols.SymbolsApplication for test class com.example.symbols.CountControllerTest
19:20:57.472 [Test worker] DEBUG org.springframework.test.context.util.TestContextSpringFactoriesUtils - Skipping candidate TestExecutionListener [org.springframework.test.context.transaction.TransactionalTestExecutionListener] due to a missing dependency. Specify custom TestExecutionListener classes or make the default TestExecutionListener classes and their required dependencies available. Offending class: [org/springframework/transaction/interceptor/TransactionAttributeSource]
19:20:57.476 [Test worker] DEBUG org.springframework.test.context.util.TestContextSpringFactoriesUtils - Skipping candidate TestExecutionListener [org.springframework.test.context.jdbc.SqlScriptsTestExecutionListener] due to a missing dependency. Specify custom TestExecutionListener classes or make the default TestExecutionListener classes and their required dependencies available. Offending class: [org/springframework/transaction/interceptor/TransactionAttribute]
19:20:57.480 [Test worker] DEBUG org.springframework.boot.test.context.SpringBootTestContextBootstrapper - Using TestExecutionListeners for test class [CountControllerTest]: [ServletTestExecutionListener, DirtiesContextBeforeModesTestExecutionListener, ApplicationEventsTestExecutionListener, MockitoTestExecutionListener, DependencyInjectionTestExecutionListener, DirtiesContextTestExecutionListener, EventPublishingTestExecutionListener, RestDocsTestExecutionListener, MockRestServiceServerResetTestExecutionListener, MockMvcPrintOnlyOnFailureTestExecutionListener, WebDriverTestExecutionListener, MockWebServiceServerTestExecutionListener, ResetMocksTestExecutionListener]
19:20:57.484 [Test worker] DEBUG org.springframework.test.context.support.AbstractDirtiesContextTestExecutionListener - Before test class: class [CountControllerTest], class annotated with @DirtiesContext [false] with mode [null]

  .   ____          _            __ _ _
 /\\ / ___'_ __ _ _(_)_ __  __ _ \ \ \ \
( ( )\___ | '_ | '_| | '_ \/ _` | \ \ \ \
 \\/  ___)| |_)| | | | | || (_| |  ) ) ) )
  '  |____| .__|_| |_|_| |_\__, | / / / /
 =========|_|==============|___/=/_/_/_/
 :: Spring Boot ::                (v3.0.4)

2023-04-09T19:20:58.083+03:00  INFO 8392 --- [    Test worker] c.example.symbols.CountControllerTest    : Starting CountControllerTest using Java 19.0.2 with PID 8392 (started by Елизавета in C:\Users\Елизавета\Desktop\symbols)
2023-04-09T19:20:58.085+03:00  INFO 8392 --- [    Test worker] c.example.symbols.CountControllerTest    : No active profile set, falling back to 1 default profile: "default"
2023-04-09T19:20:59.936+03:00  INFO 8392 --- [    Test worker] o.s.b.t.m.w.SpringBootMockServletContext : Initializing Spring TestDispatcherServlet ''
2023-04-09T19:20:59.937+03:00  INFO 8392 --- [    Test worker] o.s.t.web.servlet.TestDispatcherServlet  : Initializing Servlet ''
2023-04-09T19:20:59.943+03:00  INFO 8392 --- [    Test worker] o.s.t.web.servlet.TestDispatcherServlet  : Completed initialization in 1 ms
2023-04-09T19:20:59.989+03:00  INFO 8392 --- [    Test worker] c.example.symbols.CountControllerTest    : Started CountControllerTest in 2.409 seconds (process running for 5.072)
2023-04-09T19:21:00.825+03:00  INFO 8392 --- [    Test worker] c.e.symbols.controller.CountController   : Count request received: string=hello world, symbol=o, result=com.example.symbols.dto.CountResult@722531ab, count=1
2023-04-09T19:21:00.827+03:00  INFO 8392 --- [    Test worker] com.example.symbols.cache.CountCache     : Adding value to cache: key=hello worldo, value=2
2023-04-09T19:21:00.969+03:00 ERROR 8392 --- [    Test worker] c.e.symbols.controller.CountController   : Input string is empty
2023-04-09T19:21:00.973+03:00 ERROR 8392 --- [    Test worker] c.e.symbols.controller.CountController   : Client error: 400 BAD_REQUEST "Input string is empty"
]]></system-out>
  <system-err><![CDATA[]]></system-err>
</testsuite>
