<?xml version="1.0" encoding="UTF-8"?>
<testsuite name="com.example.symbols.CountControllerTest" tests="1" skipped="0" failures="0" errors="0" timestamp="2023-03-30T12:00:02" hostname="HOME-PC" time="2.238">
  <properties/>
  <testcase name="testCount()" classname="com.example.symbols.CountControllerTest" time="2.238"/>
  <system-out><![CDATA[14:59:54.943 [Test worker] DEBUG org.springframework.boot.test.context.SpringBootTestContextBootstrapper - Neither @ContextConfiguration nor @ContextHierarchy found for test class [CountControllerTest]: using SpringBootContextLoader
14:59:54.956 [Test worker] DEBUG org.springframework.test.context.support.AbstractContextLoader - Could not detect default resource locations for test class [com.example.symbols.CountControllerTest]: no resource found for suffixes {-context.xml, Context.groovy}.
14:59:54.959 [Test worker] INFO org.springframework.test.context.support.AnnotationConfigContextLoaderUtils - Could not detect default configuration classes for test class [com.example.symbols.CountControllerTest]: CountControllerTest does not declare any static, non-private, non-final, nested classes annotated with @Configuration.
14:59:55.053 [Test worker] DEBUG org.springframework.boot.test.context.SpringBootTestContextBootstrapper - Using ContextCustomizers for test class [CountControllerTest]: [DisableObservabilityContextCustomizer, PropertyMappingContextCustomizer, Customizer, ImportsContextCustomizer, ExcludeFilterContextCustomizer, DuplicateJsonObjectContextCustomizer, MockitoContextCustomizer, TestRestTemplateContextCustomizer]
14:59:55.281 [Test worker] DEBUG org.springframework.context.annotation.ClassPathScanningCandidateComponentProvider - Identified candidate component class: file [C:\Users\Елизавета\Desktop\symbols\build\classes\java\main\com\example\symbols\SymbolsApplication.class]
14:59:55.286 [Test worker] INFO org.springframework.boot.test.context.SpringBootTestContextBootstrapper - Found @SpringBootConfiguration com.example.symbols.SymbolsApplication for test class com.example.symbols.CountControllerTest
14:59:55.562 [Test worker] DEBUG org.springframework.test.context.util.TestContextSpringFactoriesUtils - Skipping candidate TestExecutionListener [org.springframework.test.context.transaction.TransactionalTestExecutionListener] due to a missing dependency. Specify custom TestExecutionListener classes or make the default TestExecutionListener classes and their required dependencies available. Offending class: [org/springframework/transaction/interceptor/TransactionAttributeSource]
14:59:55.568 [Test worker] DEBUG org.springframework.test.context.util.TestContextSpringFactoriesUtils - Skipping candidate TestExecutionListener [org.springframework.test.context.jdbc.SqlScriptsTestExecutionListener] due to a missing dependency. Specify custom TestExecutionListener classes or make the default TestExecutionListener classes and their required dependencies available. Offending class: [org/springframework/transaction/interceptor/TransactionAttribute]
14:59:55.573 [Test worker] DEBUG org.springframework.boot.test.context.SpringBootTestContextBootstrapper - Using TestExecutionListeners for test class [CountControllerTest]: [ServletTestExecutionListener, DirtiesContextBeforeModesTestExecutionListener, ApplicationEventsTestExecutionListener, MockitoTestExecutionListener, DependencyInjectionTestExecutionListener, DirtiesContextTestExecutionListener, EventPublishingTestExecutionListener, RestDocsTestExecutionListener, MockRestServiceServerResetTestExecutionListener, MockMvcPrintOnlyOnFailureTestExecutionListener, WebDriverTestExecutionListener, MockWebServiceServerTestExecutionListener, ResetMocksTestExecutionListener]
14:59:55.577 [Test worker] DEBUG org.springframework.test.context.support.AbstractDirtiesContextTestExecutionListener - Before test class: class [CountControllerTest], class annotated with @DirtiesContext [false] with mode [null]

  .   ____          _            __ _ _
 /\\ / ___'_ __ _ _(_)_ __  __ _ \ \ \ \
( ( )\___ | '_ | '_| | '_ \/ _` | \ \ \ \
 \\/  ___)| |_)| | | | | || (_| |  ) ) ) )
  '  |____| .__|_| |_|_| |_\__, | / / / /
 =========|_|==============|___/=/_/_/_/
 :: Spring Boot ::                (v3.0.4)

2023-03-30T14:59:56.501+03:00  INFO 4892 --- [    Test worker] c.example.symbols.CountControllerTest    : Starting CountControllerTest using Java 19.0.2 with PID 4892 (started by Елизавета in C:\Users\Елизавета\Desktop\symbols)
2023-03-30T14:59:56.507+03:00  INFO 4892 --- [    Test worker] c.example.symbols.CountControllerTest    : No active profile set, falling back to 1 default profile: "default"
2023-03-30T15:00:01.924+03:00  INFO 4892 --- [    Test worker] o.s.b.t.m.w.SpringBootMockServletContext : Initializing Spring TestDispatcherServlet ''
2023-03-30T15:00:01.925+03:00  INFO 4892 --- [    Test worker] o.s.t.web.servlet.TestDispatcherServlet  : Initializing Servlet ''
2023-03-30T15:00:01.936+03:00  INFO 4892 --- [    Test worker] o.s.t.web.servlet.TestDispatcherServlet  : Completed initialization in 4 ms
2023-03-30T15:00:02.053+03:00  INFO 4892 --- [    Test worker] c.example.symbols.CountControllerTest    : Started CountControllerTest in 6.362 seconds (process running for 10.127)
2023-03-30T15:00:04.263+03:00  INFO 4892 --- [    Test worker] com.example.symbols.CountController      : Count request served: string=hello world, symbol=o, result=com.example.symbols.CountResult@7cfb8e98
]]></system-out>
  <system-err><![CDATA[]]></system-err>
</testsuite>
