<?xml version="1.0" encoding="UTF-8"?>
<testsuite name="com.example.symbols.CountControllerTest" tests="1" skipped="0" failures="0" errors="0" timestamp="2023-03-25T06:51:47" hostname="HOME-PC" time="1.083">
  <properties/>
  <testcase name="testCount()" classname="com.example.symbols.CountControllerTest" time="1.083"/>
  <system-out><![CDATA[09:51:44.305 [Test worker] DEBUG org.springframework.boot.test.context.SpringBootTestContextBootstrapper - Neither @ContextConfiguration nor @ContextHierarchy found for test class [CountControllerTest]: using SpringBootContextLoader
09:51:44.320 [Test worker] DEBUG org.springframework.test.context.support.AbstractContextLoader - Could not detect default resource locations for test class [com.example.symbols.CountControllerTest]: no resource found for suffixes {-context.xml, Context.groovy}.
09:51:44.324 [Test worker] INFO org.springframework.test.context.support.AnnotationConfigContextLoaderUtils - Could not detect default configuration classes for test class [com.example.symbols.CountControllerTest]: CountControllerTest does not declare any static, non-private, non-final, nested classes annotated with @Configuration.
09:51:44.435 [Test worker] DEBUG org.springframework.boot.test.context.SpringBootTestContextBootstrapper - Using ContextCustomizers for test class [CountControllerTest]: [DisableObservabilityContextCustomizer, PropertyMappingContextCustomizer, Customizer, ImportsContextCustomizer, ExcludeFilterContextCustomizer, DuplicateJsonObjectContextCustomizer, MockitoContextCustomizer, TestRestTemplateContextCustomizer]
09:51:44.731 [Test worker] DEBUG org.springframework.context.annotation.ClassPathScanningCandidateComponentProvider - Identified candidate component class: file [C:\Users\Елизавета\Desktop\symbols\build\classes\java\main\com\example\symbols\SymbolsApplication.class]
09:51:44.739 [Test worker] INFO org.springframework.boot.test.context.SpringBootTestContextBootstrapper - Found @SpringBootConfiguration com.example.symbols.SymbolsApplication for test class com.example.symbols.CountControllerTest
09:51:45.122 [Test worker] DEBUG org.springframework.test.context.util.TestContextSpringFactoriesUtils - Skipping candidate TestExecutionListener [org.springframework.test.context.transaction.TransactionalTestExecutionListener] due to a missing dependency. Specify custom TestExecutionListener classes or make the default TestExecutionListener classes and their required dependencies available. Offending class: [org/springframework/transaction/interceptor/TransactionAttributeSource]
09:51:45.125 [Test worker] DEBUG org.springframework.test.context.util.TestContextSpringFactoriesUtils - Skipping candidate TestExecutionListener [org.springframework.test.context.jdbc.SqlScriptsTestExecutionListener] due to a missing dependency. Specify custom TestExecutionListener classes or make the default TestExecutionListener classes and their required dependencies available. Offending class: [org/springframework/transaction/interceptor/TransactionAttribute]
09:51:45.131 [Test worker] DEBUG org.springframework.boot.test.context.SpringBootTestContextBootstrapper - Using TestExecutionListeners for test class [CountControllerTest]: [ServletTestExecutionListener, DirtiesContextBeforeModesTestExecutionListener, ApplicationEventsTestExecutionListener, MockitoTestExecutionListener, DependencyInjectionTestExecutionListener, DirtiesContextTestExecutionListener, EventPublishingTestExecutionListener, RestDocsTestExecutionListener, MockRestServiceServerResetTestExecutionListener, MockMvcPrintOnlyOnFailureTestExecutionListener, WebDriverTestExecutionListener, MockWebServiceServerTestExecutionListener, ResetMocksTestExecutionListener]
09:51:45.136 [Test worker] DEBUG org.springframework.test.context.support.AbstractDirtiesContextTestExecutionListener - Before test class: class [CountControllerTest], class annotated with @DirtiesContext [false] with mode [null]

  .   ____          _            __ _ _
 /\\ / ___'_ __ _ _(_)_ __  __ _ \ \ \ \
( ( )\___ | '_ | '_| | '_ \/ _` | \ \ \ \
 \\/  ___)| |_)| | | | | || (_| |  ) ) ) )
  '  |____| .__|_| |_|_| |_\__, | / / / /
 =========|_|==============|___/=/_/_/_/
 :: Spring Boot ::                (v3.0.4)

2023-03-25T09:51:45.733+03:00  INFO 2236 --- [    Test worker] c.example.symbols.CountControllerTest    : Starting CountControllerTest using Java 19.0.2 with PID 2236 (started by Елизавета in C:\Users\Елизавета\Desktop\symbols)
2023-03-25T09:51:45.736+03:00  INFO 2236 --- [    Test worker] c.example.symbols.CountControllerTest    : No active profile set, falling back to 1 default profile: "default"
2023-03-25T09:51:47.822+03:00  INFO 2236 --- [    Test worker] o.s.b.t.m.w.SpringBootMockServletContext : Initializing Spring TestDispatcherServlet ''
2023-03-25T09:51:47.822+03:00  INFO 2236 --- [    Test worker] o.s.t.web.servlet.TestDispatcherServlet  : Initializing Servlet ''
2023-03-25T09:51:47.827+03:00  INFO 2236 --- [    Test worker] o.s.t.web.servlet.TestDispatcherServlet  : Completed initialization in 1 ms
2023-03-25T09:51:47.878+03:00  INFO 2236 --- [    Test worker] c.example.symbols.CountControllerTest    : Started CountControllerTest in 2.635 seconds (process running for 5.471)
2023-03-25T09:51:48.853+03:00  INFO 2236 --- [    Test worker] com.example.symbols.CountController      : Count request received: string=hello world, symbol=o, result=com.example.symbols.CountResult@21f9c6ea
]]></system-out>
  <system-err><![CDATA[]]></system-err>
</testsuite>
